<?xml version="1.0" encoding="UTF-8"?>
<testsuite xmlns:xsi="http://www.w3.org/2001/XMLSchema-instance" xsi:noNamespaceSchemaLocation="https://maven.apache.org/surefire/maven-surefire-plugin/xsd/surefire-test-report.xsd" name="io.spring.initializr.generator.ProjectGeneratorLanguageTests" time="0.176" tests="36" errors="0" skipped="0" failures="0">
  <properties>
    <property name="awt.toolkit" value="sun.awt.X11.XToolkit"/>
    <property name="file.encoding.pkg" value="sun.io"/>
    <property name="java.specification.version" value="1.8"/>
    <property name="sun.cpu.isalist" value=""/>
    <property name="sun.jnu.encoding" value="UTF-8"/>
    <property name="java.class.path" value="/home/fangbin/Downloads/github/spring-io/initalizr/initializr-0.6.0.RELEASE/initializr-generator/target/test-classes:/home/fangbin/Downloads/github/spring-io/initalizr/initializr-0.6.0.RELEASE/initializr-generator/target/classes:/home/fangbin/.m2/repository/org/springframework/boot/spring-boot/2.0.3.RELEASE/spring-boot-2.0.3.RELEASE.jar:/home/fangbin/.m2/repository/org/springframework/spring-core/5.0.7.RELEASE/spring-core-5.0.7.RELEASE.jar:/home/fangbin/.m2/repository/org/springframework/spring-jcl/5.0.7.RELEASE/spring-jcl-5.0.7.RELEASE.jar:/home/fangbin/.m2/repository/org/springframework/spring-context/5.0.7.RELEASE/spring-context-5.0.7.RELEASE.jar:/home/fangbin/.m2/repository/org/springframework/spring-aop/5.0.7.RELEASE/spring-aop-5.0.7.RELEASE.jar:/home/fangbin/.m2/repository/org/springframework/spring-beans/5.0.7.RELEASE/spring-beans-5.0.7.RELEASE.jar:/home/fangbin/.m2/repository/org/springframework/spring-expression/5.0.7.RELEASE/spring-expression-5.0.7.RELEASE.jar:/home/fangbin/.m2/repository/org/slf4j/slf4j-api/1.7.25/slf4j-api-1.7.25.jar:/home/fangbin/.m2/repository/com/samskivert/jmustache/1.14/jmustache-1.14.jar:/home/fangbin/.m2/repository/com/fasterxml/jackson/core/jackson-databind/2.9.6/jackson-databind-2.9.6.jar:/home/fangbin/.m2/repository/com/fasterxml/jackson/core/jackson-annotations/2.9.0/jackson-annotations-2.9.0.jar:/home/fangbin/.m2/repository/com/fasterxml/jackson/core/jackson-core/2.9.6/jackson-core-2.9.6.jar:/home/fangbin/.m2/repository/org/springframework/boot/spring-boot-configuration-processor/2.0.3.RELEASE/spring-boot-configuration-processor-2.0.3.RELEASE.jar:/home/fangbin/.m2/repository/org/springframework/boot/spring-boot-starter-test/2.0.3.RELEASE/spring-boot-starter-test-2.0.3.RELEASE.jar:/home/fangbin/.m2/repository/org/springframework/boot/spring-boot-test/2.0.3.RELEASE/spring-boot-test-2.0.3.RELEASE.jar:/home/fangbin/.m2/repository/org/springframework/boot/spring-boot-test-autoconfigure/2.0.3.RELEASE/spring-boot-test-autoconfigure-2.0.3.RELEASE.jar:/home/fangbin/.m2/repository/com/jayway/jsonpath/json-path/2.4.0/json-path-2.4.0.jar:/home/fangbin/.m2/repository/net/minidev/json-smart/2.3/json-smart-2.3.jar:/home/fangbin/.m2/repository/net/minidev/accessors-smart/1.2/accessors-smart-1.2.jar:/home/fangbin/.m2/repository/org/ow2/asm/asm/5.0.4/asm-5.0.4.jar:/home/fangbin/.m2/repository/junit/junit/4.12/junit-4.12.jar:/home/fangbin/.m2/repository/org/assertj/assertj-core/3.9.1/assertj-core-3.9.1.jar:/home/fangbin/.m2/repository/org/mockito/mockito-core/2.15.0/mockito-core-2.15.0.jar:/home/fangbin/.m2/repository/net/bytebuddy/byte-buddy/1.7.11/byte-buddy-1.7.11.jar:/home/fangbin/.m2/repository/net/bytebuddy/byte-buddy-agent/1.7.11/byte-buddy-agent-1.7.11.jar:/home/fangbin/.m2/repository/org/objenesis/objenesis/2.6/objenesis-2.6.jar:/home/fangbin/.m2/repository/org/hamcrest/hamcrest-core/1.3/hamcrest-core-1.3.jar:/home/fangbin/.m2/repository/org/hamcrest/hamcrest-library/1.3/hamcrest-library-1.3.jar:/home/fangbin/.m2/repository/org/skyscreamer/jsonassert/1.5.0/jsonassert-1.5.0.jar:/home/fangbin/.m2/repository/com/vaadin/external/google/android-json/0.0.20131108.vaadin1/android-json-0.0.20131108.vaadin1.jar:/home/fangbin/.m2/repository/org/springframework/spring-test/5.0.7.RELEASE/spring-test-5.0.7.RELEASE.jar:/home/fangbin/.m2/repository/org/xmlunit/xmlunit-core/2.5.1/xmlunit-core-2.5.1.jar:/home/fangbin/.m2/repository/org/springframework/boot/spring-boot-starter/2.0.3.RELEASE/spring-boot-starter-2.0.3.RELEASE.jar:/home/fangbin/.m2/repository/org/springframework/boot/spring-boot-autoconfigure/2.0.3.RELEASE/spring-boot-autoconfigure-2.0.3.RELEASE.jar:/home/fangbin/.m2/repository/org/springframework/boot/spring-boot-starter-logging/2.0.3.RELEASE/spring-boot-starter-logging-2.0.3.RELEASE.jar:/home/fangbin/.m2/repository/ch/qos/logback/logback-classic/1.2.3/logback-classic-1.2.3.jar:/home/fangbin/.m2/repository/ch/qos/logback/logback-core/1.2.3/logback-core-1.2.3.jar:/home/fangbin/.m2/repository/org/apache/logging/log4j/log4j-to-slf4j/2.10.0/log4j-to-slf4j-2.10.0.jar:/home/fangbin/.m2/repository/org/apache/logging/log4j/log4j-api/2.10.0/log4j-api-2.10.0.jar:/home/fangbin/.m2/repository/org/slf4j/jul-to-slf4j/1.7.25/jul-to-slf4j-1.7.25.jar:/home/fangbin/.m2/repository/javax/annotation/javax.annotation-api/1.3.2/javax.annotation-api-1.3.2.jar:/home/fangbin/.m2/repository/org/yaml/snakeyaml/1.19/snakeyaml-1.19.jar:/home/fangbin/.m2/repository/xmlunit/xmlunit/1.5/xmlunit-1.5.jar:"/>
    <property name="java.vm.vendor" value="Oracle Corporation"/>
    <property name="sun.arch.data.model" value="64"/>
    <property name="java.vendor.url" value="http://java.oracle.com/"/>
    <property name="user.timezone" value=""/>
    <property name="java.vm.specification.version" value="1.8"/>
    <property name="os.name" value="Linux"/>
    <property name="user.country" value="US"/>
    <property name="sun.java.launcher" value="SUN_STANDARD"/>
    <property name="sun.boot.library.path" value="/usr/local/src/jdk1.8.0_181/jre/lib/amd64"/>
    <property name="sun.java.command" value="/home/fangbin/Downloads/github/spring-io/initalizr/initializr-0.6.0.RELEASE/initializr-generator/target/surefire/surefirebooter8502944807814124021.jar /home/fangbin/Downloads/github/spring-io/initalizr/initializr-0.6.0.RELEASE/initializr-generator/target/surefire 2018-12-03T11-30-14_776-jvmRun1 surefire7009300661472430407tmp surefire_06524376428932016173tmp"/>
    <property name="surefire.test.class.path" value="/home/fangbin/Downloads/github/spring-io/initalizr/initializr-0.6.0.RELEASE/initializr-generator/target/test-classes:/home/fangbin/Downloads/github/spring-io/initalizr/initializr-0.6.0.RELEASE/initializr-generator/target/classes:/home/fangbin/.m2/repository/org/springframework/boot/spring-boot/2.0.3.RELEASE/spring-boot-2.0.3.RELEASE.jar:/home/fangbin/.m2/repository/org/springframework/spring-core/5.0.7.RELEASE/spring-core-5.0.7.RELEASE.jar:/home/fangbin/.m2/repository/org/springframework/spring-jcl/5.0.7.RELEASE/spring-jcl-5.0.7.RELEASE.jar:/home/fangbin/.m2/repository/org/springframework/spring-context/5.0.7.RELEASE/spring-context-5.0.7.RELEASE.jar:/home/fangbin/.m2/repository/org/springframework/spring-aop/5.0.7.RELEASE/spring-aop-5.0.7.RELEASE.jar:/home/fangbin/.m2/repository/org/springframework/spring-beans/5.0.7.RELEASE/spring-beans-5.0.7.RELEASE.jar:/home/fangbin/.m2/repository/org/springframework/spring-expression/5.0.7.RELEASE/spring-expression-5.0.7.RELEASE.jar:/home/fangbin/.m2/repository/org/slf4j/slf4j-api/1.7.25/slf4j-api-1.7.25.jar:/home/fangbin/.m2/repository/com/samskivert/jmustache/1.14/jmustache-1.14.jar:/home/fangbin/.m2/repository/com/fasterxml/jackson/core/jackson-databind/2.9.6/jackson-databind-2.9.6.jar:/home/fangbin/.m2/repository/com/fasterxml/jackson/core/jackson-annotations/2.9.0/jackson-annotations-2.9.0.jar:/home/fangbin/.m2/repository/com/fasterxml/jackson/core/jackson-core/2.9.6/jackson-core-2.9.6.jar:/home/fangbin/.m2/repository/org/springframework/boot/spring-boot-configuration-processor/2.0.3.RELEASE/spring-boot-configuration-processor-2.0.3.RELEASE.jar:/home/fangbin/.m2/repository/org/springframework/boot/spring-boot-starter-test/2.0.3.RELEASE/spring-boot-starter-test-2.0.3.RELEASE.jar:/home/fangbin/.m2/repository/org/springframework/boot/spring-boot-test/2.0.3.RELEASE/spring-boot-test-2.0.3.RELEASE.jar:/home/fangbin/.m2/repository/org/springframework/boot/spring-boot-test-autoconfigure/2.0.3.RELEASE/spring-boot-test-autoconfigure-2.0.3.RELEASE.jar:/home/fangbin/.m2/repository/com/jayway/jsonpath/json-path/2.4.0/json-path-2.4.0.jar:/home/fangbin/.m2/repository/net/minidev/json-smart/2.3/json-smart-2.3.jar:/home/fangbin/.m2/repository/net/minidev/accessors-smart/1.2/accessors-smart-1.2.jar:/home/fangbin/.m2/repository/org/ow2/asm/asm/5.0.4/asm-5.0.4.jar:/home/fangbin/.m2/repository/junit/junit/4.12/junit-4.12.jar:/home/fangbin/.m2/repository/org/assertj/assertj-core/3.9.1/assertj-core-3.9.1.jar:/home/fangbin/.m2/repository/org/mockito/mockito-core/2.15.0/mockito-core-2.15.0.jar:/home/fangbin/.m2/repository/net/bytebuddy/byte-buddy/1.7.11/byte-buddy-1.7.11.jar:/home/fangbin/.m2/repository/net/bytebuddy/byte-buddy-agent/1.7.11/byte-buddy-agent-1.7.11.jar:/home/fangbin/.m2/repository/org/objenesis/objenesis/2.6/objenesis-2.6.jar:/home/fangbin/.m2/repository/org/hamcrest/hamcrest-core/1.3/hamcrest-core-1.3.jar:/home/fangbin/.m2/repository/org/hamcrest/hamcrest-library/1.3/hamcrest-library-1.3.jar:/home/fangbin/.m2/repository/org/skyscreamer/jsonassert/1.5.0/jsonassert-1.5.0.jar:/home/fangbin/.m2/repository/com/vaadin/external/google/android-json/0.0.20131108.vaadin1/android-json-0.0.20131108.vaadin1.jar:/home/fangbin/.m2/repository/org/springframework/spring-test/5.0.7.RELEASE/spring-test-5.0.7.RELEASE.jar:/home/fangbin/.m2/repository/org/xmlunit/xmlunit-core/2.5.1/xmlunit-core-2.5.1.jar:/home/fangbin/.m2/repository/org/springframework/boot/spring-boot-starter/2.0.3.RELEASE/spring-boot-starter-2.0.3.RELEASE.jar:/home/fangbin/.m2/repository/org/springframework/boot/spring-boot-autoconfigure/2.0.3.RELEASE/spring-boot-autoconfigure-2.0.3.RELEASE.jar:/home/fangbin/.m2/repository/org/springframework/boot/spring-boot-starter-logging/2.0.3.RELEASE/spring-boot-starter-logging-2.0.3.RELEASE.jar:/home/fangbin/.m2/repository/ch/qos/logback/logback-classic/1.2.3/logback-classic-1.2.3.jar:/home/fangbin/.m2/repository/ch/qos/logback/logback-core/1.2.3/logback-core-1.2.3.jar:/home/fangbin/.m2/repository/org/apache/logging/log4j/log4j-to-slf4j/2.10.0/log4j-to-slf4j-2.10.0.jar:/home/fangbin/.m2/repository/org/apache/logging/log4j/log4j-api/2.10.0/log4j-api-2.10.0.jar:/home/fangbin/.m2/repository/org/slf4j/jul-to-slf4j/1.7.25/jul-to-slf4j-1.7.25.jar:/home/fangbin/.m2/repository/javax/annotation/javax.annotation-api/1.3.2/javax.annotation-api-1.3.2.jar:/home/fangbin/.m2/repository/org/yaml/snakeyaml/1.19/snakeyaml-1.19.jar:/home/fangbin/.m2/repository/xmlunit/xmlunit/1.5/xmlunit-1.5.jar:"/>
    <property name="sun.cpu.endian" value="little"/>
    <property name="user.home" value="/home/fangbin"/>
    <property name="user.language" value="en"/>
    <property name="java.specification.vendor" value="Oracle Corporation"/>
    <property name="java.home" value="/usr/local/src/jdk1.8.0_181/jre"/>
    <property name="basedir" value="/home/fangbin/Downloads/github/spring-io/initalizr/initializr-0.6.0.RELEASE/initializr-generator"/>
    <property name="file.separator" value="/"/>
    <property name="line.separator" value="&#10;"/>
    <property name="java.vm.specification.vendor" value="Oracle Corporation"/>
    <property name="java.specification.name" value="Java Platform API Specification"/>
    <property name="java.awt.graphicsenv" value="sun.awt.X11GraphicsEnvironment"/>
    <property name="surefire.real.class.path" value="/home/fangbin/Downloads/github/spring-io/initalizr/initializr-0.6.0.RELEASE/initializr-generator/target/surefire/surefirebooter8502944807814124021.jar"/>
    <property name="sun.boot.class.path" value="/usr/local/src/jdk1.8.0_181/jre/lib/resources.jar:/usr/local/src/jdk1.8.0_181/jre/lib/rt.jar:/usr/local/src/jdk1.8.0_181/jre/lib/sunrsasign.jar:/usr/local/src/jdk1.8.0_181/jre/lib/jsse.jar:/usr/local/src/jdk1.8.0_181/jre/lib/jce.jar:/usr/local/src/jdk1.8.0_181/jre/lib/charsets.jar:/usr/local/src/jdk1.8.0_181/jre/lib/jfr.jar:/usr/local/src/jdk1.8.0_181/jre/classes"/>
    <property name="sun.management.compiler" value="HotSpot 64-Bit Tiered Compilers"/>
    <property name="java.runtime.version" value="1.8.0_181-b13"/>
    <property name="user.name" value="fangbin"/>
    <property name="path.separator" value=":"/>
    <property name="os.version" value="4.14.78-1-MANJARO"/>
    <property name="java.endorsed.dirs" value="/usr/local/src/jdk1.8.0_181/jre/lib/endorsed"/>
    <property name="java.runtime.name" value="Java(TM) SE Runtime Environment"/>
    <property name="file.encoding" value="UTF-8"/>
    <property name="java.vm.name" value="Java HotSpot(TM) 64-Bit Server VM"/>
    <property name="localRepository" value="/home/fangbin/.m2/repository"/>
    <property name="java.vendor.url.bug" value="http://bugreport.sun.com/bugreport/"/>
    <property name="java.io.tmpdir" value="/tmp"/>
    <property name="idea.version" value="2018.2.4"/>
    <property name="java.version" value="1.8.0_181"/>
    <property name="user.dir" value="/home/fangbin/Downloads/github/spring-io/initalizr/initializr-0.6.0.RELEASE/initializr-generator"/>
    <property name="os.arch" value="amd64"/>
    <property name="java.vm.specification.name" value="Java Virtual Machine Specification"/>
    <property name="java.awt.printerjob" value="sun.print.PSPrinterJob"/>
    <property name="sun.os.patch.level" value="unknown"/>
    <property name="java.library.path" value="/usr/java/packages/lib/amd64:/usr/lib64:/lib64:/lib:/usr/lib"/>
    <property name="java.vm.info" value="mixed mode"/>
    <property name="java.vendor" value="Oracle Corporation"/>
    <property name="java.vm.version" value="25.181-b13"/>
    <property name="java.ext.dirs" value="/usr/local/src/jdk1.8.0_181/jre/lib/ext:/usr/java/packages/lib/ext"/>
    <property name="sun.io.unicode.encoding" value="UnicodeLittle"/>
    <property name="java.class.version" value="52.0"/>
  </properties>
  <testcase name="standardTestClass[java]" classname="io.spring.initializr.generator.ProjectGeneratorLanguageTests" time="0.004"/>
  <testcase name="standardTestClassWeb[java]" classname="io.spring.initializr.generator.ProjectGeneratorLanguageTests" time="0.005"/>
  <testcase name="standardJar[java]" classname="io.spring.initializr.generator.ProjectGeneratorLanguageTests" time="0.004"/>
  <testcase name="standardWar[java]" classname="io.spring.initializr.generator.ProjectGeneratorLanguageTests" time="0.004"/>
  <testcase name="standardMainClass[java]" classname="io.spring.initializr.generator.ProjectGeneratorLanguageTests" time="0.004"/>
  <testcase name="standardServletInitializer[java]" classname="io.spring.initializr.generator.ProjectGeneratorLanguageTests" time="0.004"/>
  <testcase name="springBoot14M2ServletInitializer[java]" classname="io.spring.initializr.generator.ProjectGeneratorLanguageTests" time="0.006"/>
  <testcase name="springBoot14TestClass[java]" classname="io.spring.initializr.generator.ProjectGeneratorLanguageTests" time="0.004"/>
  <testcase name="springBoot14M1TestClass[java]" classname="io.spring.initializr.generator.ProjectGeneratorLanguageTests" time="0.005"/>
  <testcase name="springBoot14TestClassWeb[java]" classname="io.spring.initializr.generator.ProjectGeneratorLanguageTests" time="0.006"/>
  <testcase name="springBoot14ServletInitializer[java]" classname="io.spring.initializr.generator.ProjectGeneratorLanguageTests" time="0.005"/>
  <testcase name="springBoot2ServletInitializer[java]" classname="io.spring.initializr.generator.ProjectGeneratorLanguageTests" time="0.005"/>
  <testcase name="standardTestClass[groovy]" classname="io.spring.initializr.generator.ProjectGeneratorLanguageTests" time="0.003"/>
  <testcase name="standardTestClassWeb[groovy]" classname="io.spring.initializr.generator.ProjectGeneratorLanguageTests" time="0.004"/>
  <testcase name="standardJar[groovy]" classname="io.spring.initializr.generator.ProjectGeneratorLanguageTests" time="0.004"/>
  <testcase name="standardWar[groovy]" classname="io.spring.initializr.generator.ProjectGeneratorLanguageTests" time="0.005"/>
  <testcase name="standardMainClass[groovy]" classname="io.spring.initializr.generator.ProjectGeneratorLanguageTests" time="0.004"/>
  <testcase name="standardServletInitializer[groovy]" classname="io.spring.initializr.generator.ProjectGeneratorLanguageTests" time="0.004"/>
  <testcase name="springBoot14M2ServletInitializer[groovy]" classname="io.spring.initializr.generator.ProjectGeneratorLanguageTests" time="0.004"/>
  <testcase name="springBoot14TestClass[groovy]" classname="io.spring.initializr.generator.ProjectGeneratorLanguageTests" time="0.005"/>
  <testcase name="springBoot14M1TestClass[groovy]" classname="io.spring.initializr.generator.ProjectGeneratorLanguageTests" time="0.004"/>
  <testcase name="springBoot14TestClassWeb[groovy]" classname="io.spring.initializr.generator.ProjectGeneratorLanguageTests" time="0.003"/>
  <testcase name="springBoot14ServletInitializer[groovy]" classname="io.spring.initializr.generator.ProjectGeneratorLanguageTests" time="0.004"/>
  <testcase name="springBoot2ServletInitializer[groovy]" classname="io.spring.initializr.generator.ProjectGeneratorLanguageTests" time="0.017"/>
  <testcase name="standardTestClass[kotlin]" classname="io.spring.initializr.generator.ProjectGeneratorLanguageTests" time="0.003"/>
  <testcase name="standardTestClassWeb[kotlin]" classname="io.spring.initializr.generator.ProjectGeneratorLanguageTests" time="0.005"/>
  <testcase name="standardJar[kotlin]" classname="io.spring.initializr.generator.ProjectGeneratorLanguageTests" time="0.003"/>
  <testcase name="standardWar[kotlin]" classname="io.spring.initializr.generator.ProjectGeneratorLanguageTests" time="0.005"/>
  <testcase name="standardMainClass[kotlin]" classname="io.spring.initializr.generator.ProjectGeneratorLanguageTests" time="0.004"/>
  <testcase name="standardServletInitializer[kotlin]" classname="io.spring.initializr.generator.ProjectGeneratorLanguageTests" time="0.004"/>
  <testcase name="springBoot14M2ServletInitializer[kotlin]" classname="io.spring.initializr.generator.ProjectGeneratorLanguageTests" time="0.004"/>
  <testcase name="springBoot14TestClass[kotlin]" classname="io.spring.initializr.generator.ProjectGeneratorLanguageTests" time="0.004"/>
  <testcase name="springBoot14M1TestClass[kotlin]" classname="io.spring.initializr.generator.ProjectGeneratorLanguageTests" time="0.003"/>
  <testcase name="springBoot14TestClassWeb[kotlin]" classname="io.spring.initializr.generator.ProjectGeneratorLanguageTests" time="0.004"/>
  <testcase name="springBoot14ServletInitializer[kotlin]" classname="io.spring.initializr.generator.ProjectGeneratorLanguageTests" time="0.003"/>
  <testcase name="springBoot2ServletInitializer[kotlin]" classname="io.spring.initializr.generator.ProjectGeneratorLanguageTests" time="0.003"/>
</testsuite>