<?xml version="1.0" encoding="UTF-8"?>
<testsuite xmlns:xsi="http://www.w3.org/2001/XMLSchema-instance" xsi:noNamespaceSchemaLocation="https://maven.apache.org/surefire/maven-surefire-plugin/xsd/surefire-test-report.xsd" name="io.spring.initializr.web.autoconfigure.InitializrAutoConfigurationTests" time="0.422" tests="1" errors="0" skipped="0" failures="0">
  <properties>
    <property name="awt.toolkit" value="sun.awt.X11.XToolkit"/>
    <property name="file.encoding.pkg" value="sun.io"/>
    <property name="java.specification.version" value="1.8"/>
    <property name="sun.cpu.isalist" value=""/>
    <property name="sun.jnu.encoding" value="UTF-8"/>
    <property name="java.class.path" value="/home/fangbin/Downloads/github/spring-io/initalizr/initializr-0.6.0.RELEASE/initializr-web/target/test-classes:/home/fangbin/Downloads/github/spring-io/initalizr/initializr-0.6.0.RELEASE/initializr-web/target/classes:/home/fangbin/Downloads/github/spring-io/initalizr/initializr-0.6.0.RELEASE/initializr-generator/target/initializr-generator-0.6.0.RELEASE.jar:/home/fangbin/.m2/repository/org/springframework/boot/spring-boot/2.0.3.RELEASE/spring-boot-2.0.3.RELEASE.jar:/home/fangbin/.m2/repository/org/slf4j/slf4j-api/1.7.25/slf4j-api-1.7.25.jar:/home/fangbin/.m2/repository/com/samskivert/jmustache/1.14/jmustache-1.14.jar:/home/fangbin/.m2/repository/com/fasterxml/jackson/core/jackson-databind/2.9.6/jackson-databind-2.9.6.jar:/home/fangbin/.m2/repository/com/fasterxml/jackson/core/jackson-annotations/2.9.0/jackson-annotations-2.9.0.jar:/home/fangbin/.m2/repository/com/fasterxml/jackson/core/jackson-core/2.9.6/jackson-core-2.9.6.jar:/home/fangbin/.m2/repository/org/springframework/boot/spring-boot-starter-mustache/2.0.3.RELEASE/spring-boot-starter-mustache-2.0.3.RELEASE.jar:/home/fangbin/.m2/repository/org/springframework/boot/spring-boot-starter/2.0.3.RELEASE/spring-boot-starter-2.0.3.RELEASE.jar:/home/fangbin/.m2/repository/org/springframework/boot/spring-boot-autoconfigure/2.0.3.RELEASE/spring-boot-autoconfigure-2.0.3.RELEASE.jar:/home/fangbin/.m2/repository/org/springframework/boot/spring-boot-starter-logging/2.0.3.RELEASE/spring-boot-starter-logging-2.0.3.RELEASE.jar:/home/fangbin/.m2/repository/ch/qos/logback/logback-classic/1.2.3/logback-classic-1.2.3.jar:/home/fangbin/.m2/repository/ch/qos/logback/logback-core/1.2.3/logback-core-1.2.3.jar:/home/fangbin/.m2/repository/org/apache/logging/log4j/log4j-to-slf4j/2.10.0/log4j-to-slf4j-2.10.0.jar:/home/fangbin/.m2/repository/org/apache/logging/log4j/log4j-api/2.10.0/log4j-api-2.10.0.jar:/home/fangbin/.m2/repository/org/slf4j/jul-to-slf4j/1.7.25/jul-to-slf4j-1.7.25.jar:/home/fangbin/.m2/repository/javax/annotation/javax.annotation-api/1.3.2/javax.annotation-api-1.3.2.jar:/home/fangbin/.m2/repository/org/yaml/snakeyaml/1.19/snakeyaml-1.19.jar:/home/fangbin/.m2/repository/org/springframework/boot/spring-boot-starter-cache/2.0.3.RELEASE/spring-boot-starter-cache-2.0.3.RELEASE.jar:/home/fangbin/.m2/repository/org/springframework/spring-context/5.0.7.RELEASE/spring-context-5.0.7.RELEASE.jar:/home/fangbin/.m2/repository/org/springframework/spring-context-support/5.0.7.RELEASE/spring-context-support-5.0.7.RELEASE.jar:/home/fangbin/.m2/repository/org/springframework/spring-webmvc/5.0.7.RELEASE/spring-webmvc-5.0.7.RELEASE.jar:/home/fangbin/.m2/repository/org/springframework/spring-aop/5.0.7.RELEASE/spring-aop-5.0.7.RELEASE.jar:/home/fangbin/.m2/repository/org/springframework/spring-beans/5.0.7.RELEASE/spring-beans-5.0.7.RELEASE.jar:/home/fangbin/.m2/repository/org/springframework/spring-core/5.0.7.RELEASE/spring-core-5.0.7.RELEASE.jar:/home/fangbin/.m2/repository/org/springframework/spring-jcl/5.0.7.RELEASE/spring-jcl-5.0.7.RELEASE.jar:/home/fangbin/.m2/repository/org/springframework/spring-expression/5.0.7.RELEASE/spring-expression-5.0.7.RELEASE.jar:/home/fangbin/.m2/repository/org/springframework/spring-web/5.0.7.RELEASE/spring-web-5.0.7.RELEASE.jar:/home/fangbin/.m2/repository/org/springframework/hateoas/spring-hateoas/0.24.0.RELEASE/spring-hateoas-0.24.0.RELEASE.jar:/home/fangbin/.m2/repository/org/apache/ant/ant/1.10.2/ant-1.10.2.jar:/home/fangbin/.m2/repository/javax/cache/cache-api/1.1.0/cache-api-1.1.0.jar:/home/fangbin/.m2/repository/javax/servlet/javax.servlet-api/3.1.0/javax.servlet-api-3.1.0.jar:/home/fangbin/.m2/repository/org/springframework/boot/spring-boot-starter-test/2.0.3.RELEASE/spring-boot-starter-test-2.0.3.RELEASE.jar:/home/fangbin/.m2/repository/org/springframework/boot/spring-boot-test/2.0.3.RELEASE/spring-boot-test-2.0.3.RELEASE.jar:/home/fangbin/.m2/repository/org/springframework/boot/spring-boot-test-autoconfigure/2.0.3.RELEASE/spring-boot-test-autoconfigure-2.0.3.RELEASE.jar:/home/fangbin/.m2/repository/com/jayway/jsonpath/json-path/2.4.0/json-path-2.4.0.jar:/home/fangbin/.m2/repository/net/minidev/json-smart/2.3/json-smart-2.3.jar:/home/fangbin/.m2/repository/net/minidev/accessors-smart/1.2/accessors-smart-1.2.jar:/home/fangbin/.m2/repository/org/ow2/asm/asm/5.0.4/asm-5.0.4.jar:/home/fangbin/.m2/repository/junit/junit/4.12/junit-4.12.jar:/home/fangbin/.m2/repository/org/assertj/assertj-core/3.9.1/assertj-core-3.9.1.jar:/home/fangbin/.m2/repository/org/mockito/mockito-core/2.15.0/mockito-core-2.15.0.jar:/home/fangbin/.m2/repository/net/bytebuddy/byte-buddy-agent/1.7.11/byte-buddy-agent-1.7.11.jar:/home/fangbin/.m2/repository/org/objenesis/objenesis/2.6/objenesis-2.6.jar:/home/fangbin/.m2/repository/org/hamcrest/hamcrest-core/1.3/hamcrest-core-1.3.jar:/home/fangbin/.m2/repository/org/hamcrest/hamcrest-library/1.3/hamcrest-library-1.3.jar:/home/fangbin/.m2/repository/org/springframework/spring-test/5.0.7.RELEASE/spring-test-5.0.7.RELEASE.jar:/home/fangbin/.m2/repository/org/xmlunit/xmlunit-core/2.5.1/xmlunit-core-2.5.1.jar:/home/fangbin/.m2/repository/org/springframework/cloud/spring-cloud-contract-wiremock/1.2.1.RELEASE/spring-cloud-contract-wiremock-1.2.1.RELEASE.jar:/home/fangbin/.m2/repository/com/github/tomakehurst/wiremock-standalone/2.11.0/wiremock-standalone-2.11.0.jar:/home/fangbin/.m2/repository/org/apache/httpcomponents/httpclient/4.5.5/httpclient-4.5.5.jar:/home/fangbin/Downloads/github/spring-io/initalizr/initializr-0.6.0.RELEASE/initializr-generator/target/initializr-generator-0.6.0.RELEASE-tests.jar:/home/fangbin/.m2/repository/org/springframework/boot/spring-boot-starter-web/2.0.3.RELEASE/spring-boot-starter-web-2.0.3.RELEASE.jar:/home/fangbin/.m2/repository/org/springframework/boot/spring-boot-starter-json/2.0.3.RELEASE/spring-boot-starter-json-2.0.3.RELEASE.jar:/home/fangbin/.m2/repository/com/fasterxml/jackson/datatype/jackson-datatype-jdk8/2.9.6/jackson-datatype-jdk8-2.9.6.jar:/home/fangbin/.m2/repository/com/fasterxml/jackson/datatype/jackson-datatype-jsr310/2.9.6/jackson-datatype-jsr310-2.9.6.jar:/home/fangbin/.m2/repository/com/fasterxml/jackson/module/jackson-module-parameter-names/2.9.6/jackson-module-parameter-names-2.9.6.jar:/home/fangbin/.m2/repository/org/springframework/boot/spring-boot-starter-tomcat/2.0.3.RELEASE/spring-boot-starter-tomcat-2.0.3.RELEASE.jar:/home/fangbin/.m2/repository/org/apache/tomcat/embed/tomcat-embed-core/8.5.31/tomcat-embed-core-8.5.31.jar:/home/fangbin/.m2/repository/org/apache/tomcat/embed/tomcat-embed-el/8.5.31/tomcat-embed-el-8.5.31.jar:/home/fangbin/.m2/repository/org/apache/tomcat/embed/tomcat-embed-websocket/8.5.31/tomcat-embed-websocket-8.5.31.jar:/home/fangbin/.m2/repository/org/hibernate/validator/hibernate-validator/6.0.10.Final/hibernate-validator-6.0.10.Final.jar:/home/fangbin/.m2/repository/javax/validation/validation-api/2.0.1.Final/validation-api-2.0.1.Final.jar:/home/fangbin/.m2/repository/org/jboss/logging/jboss-logging/3.3.2.Final/jboss-logging-3.3.2.Final.jar:/home/fangbin/.m2/repository/com/fasterxml/classmate/1.3.4/classmate-1.3.4.jar:/home/fangbin/.m2/repository/org/springframework/restdocs/spring-restdocs-mockmvc/2.0.1.RELEASE/spring-restdocs-mockmvc-2.0.1.RELEASE.jar:/home/fangbin/.m2/repository/org/springframework/restdocs/spring-restdocs-core/2.0.1.RELEASE/spring-restdocs-core-2.0.1.RELEASE.jar:/home/fangbin/.m2/repository/com/vaadin/external/google/android-json/0.0.20131108.vaadin1/android-json-0.0.20131108.vaadin1.jar:/home/fangbin/.m2/repository/xmlunit/xmlunit/1.5/xmlunit-1.5.jar:/home/fangbin/.m2/repository/org/skyscreamer/jsonassert/1.5.0/jsonassert-1.5.0.jar:/home/fangbin/.m2/repository/org/seleniumhq/selenium/selenium-firefox-driver/3.9.1/selenium-firefox-driver-3.9.1.jar:/home/fangbin/.m2/repository/org/seleniumhq/selenium/selenium-api/3.9.1/selenium-api-3.9.1.jar:/home/fangbin/.m2/repository/org/seleniumhq/selenium/selenium-remote-driver/3.9.1/selenium-remote-driver-3.9.1.jar:/home/fangbin/.m2/repository/net/bytebuddy/byte-buddy/1.7.11/byte-buddy-1.7.11.jar:/home/fangbin/.m2/repository/org/apache/commons/commons-exec/1.3/commons-exec-1.3.jar:/home/fangbin/.m2/repository/commons-codec/commons-codec/1.11/commons-codec-1.11.jar:/home/fangbin/.m2/repository/commons-logging/commons-logging/1.2/commons-logging-1.2.jar:/home/fangbin/.m2/repository/com/google/code/gson/gson/2.8.5/gson-2.8.5.jar:/home/fangbin/.m2/repository/com/google/guava/guava/23.6-jre/guava-23.6-jre.jar:/home/fangbin/.m2/repository/com/google/code/findbugs/jsr305/1.3.9/jsr305-1.3.9.jar:/home/fangbin/.m2/repository/org/checkerframework/checker-compat-qual/2.0.0/checker-compat-qual-2.0.0.jar:/home/fangbin/.m2/repository/com/google/errorprone/error_prone_annotations/2.1.3/error_prone_annotations-2.1.3.jar:/home/fangbin/.m2/repository/com/google/j2objc/j2objc-annotations/1.1/j2objc-annotations-1.1.jar:/home/fangbin/.m2/repository/org/codehaus/mojo/animal-sniffer-annotations/1.14/animal-sniffer-annotations-1.14.jar:/home/fangbin/.m2/repository/org/apache/httpcomponents/httpcore/4.4.9/httpcore-4.4.9.jar:/home/fangbin/.m2/repository/com/squareup/okhttp3/okhttp/3.9.1/okhttp-3.9.1.jar:/home/fangbin/.m2/repository/com/squareup/okio/okio/1.13.0/okio-1.13.0.jar:/home/fangbin/.m2/repository/org/seleniumhq/selenium/selenium-support/3.9.1/selenium-support-3.9.1.jar:"/>
    <property name="java.vm.vendor" value="Oracle Corporation"/>
    <property name="sun.arch.data.model" value="64"/>
    <property name="java.vendor.url" value="http://java.oracle.com/"/>
    <property name="user.timezone" value=""/>
    <property name="java.vm.specification.version" value="1.8"/>
    <property name="os.name" value="Linux"/>
    <property name="user.country" value="US"/>
    <property name="sun.java.launcher" value="SUN_STANDARD"/>
    <property name="sun.boot.library.path" value="/usr/local/src/jdk1.8.0_181/jre/lib/amd64"/>
    <property name="sun.java.command" value="/home/fangbin/Downloads/github/spring-io/initalizr/initializr-0.6.0.RELEASE/initializr-web/target/surefire/surefirebooter351475891094487537.jar /home/fangbin/Downloads/github/spring-io/initalizr/initializr-0.6.0.RELEASE/initializr-web/target/surefire 2018-12-03T11-30-14_776-jvmRun1 surefire1194218503069321237tmp surefire_17574476600189448971tmp"/>
    <property name="surefire.test.class.path" value="/home/fangbin/Downloads/github/spring-io/initalizr/initializr-0.6.0.RELEASE/initializr-web/target/test-classes:/home/fangbin/Downloads/github/spring-io/initalizr/initializr-0.6.0.RELEASE/initializr-web/target/classes:/home/fangbin/Downloads/github/spring-io/initalizr/initializr-0.6.0.RELEASE/initializr-generator/target/initializr-generator-0.6.0.RELEASE.jar:/home/fangbin/.m2/repository/org/springframework/boot/spring-boot/2.0.3.RELEASE/spring-boot-2.0.3.RELEASE.jar:/home/fangbin/.m2/repository/org/slf4j/slf4j-api/1.7.25/slf4j-api-1.7.25.jar:/home/fangbin/.m2/repository/com/samskivert/jmustache/1.14/jmustache-1.14.jar:/home/fangbin/.m2/repository/com/fasterxml/jackson/core/jackson-databind/2.9.6/jackson-databind-2.9.6.jar:/home/fangbin/.m2/repository/com/fasterxml/jackson/core/jackson-annotations/2.9.0/jackson-annotations-2.9.0.jar:/home/fangbin/.m2/repository/com/fasterxml/jackson/core/jackson-core/2.9.6/jackson-core-2.9.6.jar:/home/fangbin/.m2/repository/org/springframework/boot/spring-boot-starter-mustache/2.0.3.RELEASE/spring-boot-starter-mustache-2.0.3.RELEASE.jar:/home/fangbin/.m2/repository/org/springframework/boot/spring-boot-starter/2.0.3.RELEASE/spring-boot-starter-2.0.3.RELEASE.jar:/home/fangbin/.m2/repository/org/springframework/boot/spring-boot-autoconfigure/2.0.3.RELEASE/spring-boot-autoconfigure-2.0.3.RELEASE.jar:/home/fangbin/.m2/repository/org/springframework/boot/spring-boot-starter-logging/2.0.3.RELEASE/spring-boot-starter-logging-2.0.3.RELEASE.jar:/home/fangbin/.m2/repository/ch/qos/logback/logback-classic/1.2.3/logback-classic-1.2.3.jar:/home/fangbin/.m2/repository/ch/qos/logback/logback-core/1.2.3/logback-core-1.2.3.jar:/home/fangbin/.m2/repository/org/apache/logging/log4j/log4j-to-slf4j/2.10.0/log4j-to-slf4j-2.10.0.jar:/home/fangbin/.m2/repository/org/apache/logging/log4j/log4j-api/2.10.0/log4j-api-2.10.0.jar:/home/fangbin/.m2/repository/org/slf4j/jul-to-slf4j/1.7.25/jul-to-slf4j-1.7.25.jar:/home/fangbin/.m2/repository/javax/annotation/javax.annotation-api/1.3.2/javax.annotation-api-1.3.2.jar:/home/fangbin/.m2/repository/org/yaml/snakeyaml/1.19/snakeyaml-1.19.jar:/home/fangbin/.m2/repository/org/springframework/boot/spring-boot-starter-cache/2.0.3.RELEASE/spring-boot-starter-cache-2.0.3.RELEASE.jar:/home/fangbin/.m2/repository/org/springframework/spring-context/5.0.7.RELEASE/spring-context-5.0.7.RELEASE.jar:/home/fangbin/.m2/repository/org/springframework/spring-context-support/5.0.7.RELEASE/spring-context-support-5.0.7.RELEASE.jar:/home/fangbin/.m2/repository/org/springframework/spring-webmvc/5.0.7.RELEASE/spring-webmvc-5.0.7.RELEASE.jar:/home/fangbin/.m2/repository/org/springframework/spring-aop/5.0.7.RELEASE/spring-aop-5.0.7.RELEASE.jar:/home/fangbin/.m2/repository/org/springframework/spring-beans/5.0.7.RELEASE/spring-beans-5.0.7.RELEASE.jar:/home/fangbin/.m2/repository/org/springframework/spring-core/5.0.7.RELEASE/spring-core-5.0.7.RELEASE.jar:/home/fangbin/.m2/repository/org/springframework/spring-jcl/5.0.7.RELEASE/spring-jcl-5.0.7.RELEASE.jar:/home/fangbin/.m2/repository/org/springframework/spring-expression/5.0.7.RELEASE/spring-expression-5.0.7.RELEASE.jar:/home/fangbin/.m2/repository/org/springframework/spring-web/5.0.7.RELEASE/spring-web-5.0.7.RELEASE.jar:/home/fangbin/.m2/repository/org/springframework/hateoas/spring-hateoas/0.24.0.RELEASE/spring-hateoas-0.24.0.RELEASE.jar:/home/fangbin/.m2/repository/org/apache/ant/ant/1.10.2/ant-1.10.2.jar:/home/fangbin/.m2/repository/javax/cache/cache-api/1.1.0/cache-api-1.1.0.jar:/home/fangbin/.m2/repository/javax/servlet/javax.servlet-api/3.1.0/javax.servlet-api-3.1.0.jar:/home/fangbin/.m2/repository/org/springframework/boot/spring-boot-starter-test/2.0.3.RELEASE/spring-boot-starter-test-2.0.3.RELEASE.jar:/home/fangbin/.m2/repository/org/springframework/boot/spring-boot-test/2.0.3.RELEASE/spring-boot-test-2.0.3.RELEASE.jar:/home/fangbin/.m2/repository/org/springframework/boot/spring-boot-test-autoconfigure/2.0.3.RELEASE/spring-boot-test-autoconfigure-2.0.3.RELEASE.jar:/home/fangbin/.m2/repository/com/jayway/jsonpath/json-path/2.4.0/json-path-2.4.0.jar:/home/fangbin/.m2/repository/net/minidev/json-smart/2.3/json-smart-2.3.jar:/home/fangbin/.m2/repository/net/minidev/accessors-smart/1.2/accessors-smart-1.2.jar:/home/fangbin/.m2/repository/org/ow2/asm/asm/5.0.4/asm-5.0.4.jar:/home/fangbin/.m2/repository/junit/junit/4.12/junit-4.12.jar:/home/fangbin/.m2/repository/org/assertj/assertj-core/3.9.1/assertj-core-3.9.1.jar:/home/fangbin/.m2/repository/org/mockito/mockito-core/2.15.0/mockito-core-2.15.0.jar:/home/fangbin/.m2/repository/net/bytebuddy/byte-buddy-agent/1.7.11/byte-buddy-agent-1.7.11.jar:/home/fangbin/.m2/repository/org/objenesis/objenesis/2.6/objenesis-2.6.jar:/home/fangbin/.m2/repository/org/hamcrest/hamcrest-core/1.3/hamcrest-core-1.3.jar:/home/fangbin/.m2/repository/org/hamcrest/hamcrest-library/1.3/hamcrest-library-1.3.jar:/home/fangbin/.m2/repository/org/springframework/spring-test/5.0.7.RELEASE/spring-test-5.0.7.RELEASE.jar:/home/fangbin/.m2/repository/org/xmlunit/xmlunit-core/2.5.1/xmlunit-core-2.5.1.jar:/home/fangbin/.m2/repository/org/springframework/cloud/spring-cloud-contract-wiremock/1.2.1.RELEASE/spring-cloud-contract-wiremock-1.2.1.RELEASE.jar:/home/fangbin/.m2/repository/com/github/tomakehurst/wiremock-standalone/2.11.0/wiremock-standalone-2.11.0.jar:/home/fangbin/.m2/repository/org/apache/httpcomponents/httpclient/4.5.5/httpclient-4.5.5.jar:/home/fangbin/Downloads/github/spring-io/initalizr/initializr-0.6.0.RELEASE/initializr-generator/target/initializr-generator-0.6.0.RELEASE-tests.jar:/home/fangbin/.m2/repository/org/springframework/boot/spring-boot-starter-web/2.0.3.RELEASE/spring-boot-starter-web-2.0.3.RELEASE.jar:/home/fangbin/.m2/repository/org/springframework/boot/spring-boot-starter-json/2.0.3.RELEASE/spring-boot-starter-json-2.0.3.RELEASE.jar:/home/fangbin/.m2/repository/com/fasterxml/jackson/datatype/jackson-datatype-jdk8/2.9.6/jackson-datatype-jdk8-2.9.6.jar:/home/fangbin/.m2/repository/com/fasterxml/jackson/datatype/jackson-datatype-jsr310/2.9.6/jackson-datatype-jsr310-2.9.6.jar:/home/fangbin/.m2/repository/com/fasterxml/jackson/module/jackson-module-parameter-names/2.9.6/jackson-module-parameter-names-2.9.6.jar:/home/fangbin/.m2/repository/org/springframework/boot/spring-boot-starter-tomcat/2.0.3.RELEASE/spring-boot-starter-tomcat-2.0.3.RELEASE.jar:/home/fangbin/.m2/repository/org/apache/tomcat/embed/tomcat-embed-core/8.5.31/tomcat-embed-core-8.5.31.jar:/home/fangbin/.m2/repository/org/apache/tomcat/embed/tomcat-embed-el/8.5.31/tomcat-embed-el-8.5.31.jar:/home/fangbin/.m2/repository/org/apache/tomcat/embed/tomcat-embed-websocket/8.5.31/tomcat-embed-websocket-8.5.31.jar:/home/fangbin/.m2/repository/org/hibernate/validator/hibernate-validator/6.0.10.Final/hibernate-validator-6.0.10.Final.jar:/home/fangbin/.m2/repository/javax/validation/validation-api/2.0.1.Final/validation-api-2.0.1.Final.jar:/home/fangbin/.m2/repository/org/jboss/logging/jboss-logging/3.3.2.Final/jboss-logging-3.3.2.Final.jar:/home/fangbin/.m2/repository/com/fasterxml/classmate/1.3.4/classmate-1.3.4.jar:/home/fangbin/.m2/repository/org/springframework/restdocs/spring-restdocs-mockmvc/2.0.1.RELEASE/spring-restdocs-mockmvc-2.0.1.RELEASE.jar:/home/fangbin/.m2/repository/org/springframework/restdocs/spring-restdocs-core/2.0.1.RELEASE/spring-restdocs-core-2.0.1.RELEASE.jar:/home/fangbin/.m2/repository/com/vaadin/external/google/android-json/0.0.20131108.vaadin1/android-json-0.0.20131108.vaadin1.jar:/home/fangbin/.m2/repository/xmlunit/xmlunit/1.5/xmlunit-1.5.jar:/home/fangbin/.m2/repository/org/skyscreamer/jsonassert/1.5.0/jsonassert-1.5.0.jar:/home/fangbin/.m2/repository/org/seleniumhq/selenium/selenium-firefox-driver/3.9.1/selenium-firefox-driver-3.9.1.jar:/home/fangbin/.m2/repository/org/seleniumhq/selenium/selenium-api/3.9.1/selenium-api-3.9.1.jar:/home/fangbin/.m2/repository/org/seleniumhq/selenium/selenium-remote-driver/3.9.1/selenium-remote-driver-3.9.1.jar:/home/fangbin/.m2/repository/net/bytebuddy/byte-buddy/1.7.11/byte-buddy-1.7.11.jar:/home/fangbin/.m2/repository/org/apache/commons/commons-exec/1.3/commons-exec-1.3.jar:/home/fangbin/.m2/repository/commons-codec/commons-codec/1.11/commons-codec-1.11.jar:/home/fangbin/.m2/repository/commons-logging/commons-logging/1.2/commons-logging-1.2.jar:/home/fangbin/.m2/repository/com/google/code/gson/gson/2.8.5/gson-2.8.5.jar:/home/fangbin/.m2/repository/com/google/guava/guava/23.6-jre/guava-23.6-jre.jar:/home/fangbin/.m2/repository/com/google/code/findbugs/jsr305/1.3.9/jsr305-1.3.9.jar:/home/fangbin/.m2/repository/org/checkerframework/checker-compat-qual/2.0.0/checker-compat-qual-2.0.0.jar:/home/fangbin/.m2/repository/com/google/errorprone/error_prone_annotations/2.1.3/error_prone_annotations-2.1.3.jar:/home/fangbin/.m2/repository/com/google/j2objc/j2objc-annotations/1.1/j2objc-annotations-1.1.jar:/home/fangbin/.m2/repository/org/codehaus/mojo/animal-sniffer-annotations/1.14/animal-sniffer-annotations-1.14.jar:/home/fangbin/.m2/repository/org/apache/httpcomponents/httpcore/4.4.9/httpcore-4.4.9.jar:/home/fangbin/.m2/repository/com/squareup/okhttp3/okhttp/3.9.1/okhttp-3.9.1.jar:/home/fangbin/.m2/repository/com/squareup/okio/okio/1.13.0/okio-1.13.0.jar:/home/fangbin/.m2/repository/org/seleniumhq/selenium/selenium-support/3.9.1/selenium-support-3.9.1.jar:"/>
    <property name="sun.cpu.endian" value="little"/>
    <property name="user.home" value="/home/fangbin"/>
    <property name="user.language" value="en"/>
    <property name="java.specification.vendor" value="Oracle Corporation"/>
    <property name="java.home" value="/usr/local/src/jdk1.8.0_181/jre"/>
    <property name="basedir" value="/home/fangbin/Downloads/github/spring-io/initalizr/initializr-0.6.0.RELEASE/initializr-web"/>
    <property name="file.separator" value="/"/>
    <property name="line.separator" value="&#10;"/>
    <property name="java.vm.specification.vendor" value="Oracle Corporation"/>
    <property name="java.specification.name" value="Java Platform API Specification"/>
    <property name="java.awt.graphicsenv" value="sun.awt.X11GraphicsEnvironment"/>
    <property name="surefire.real.class.path" value="/home/fangbin/Downloads/github/spring-io/initalizr/initializr-0.6.0.RELEASE/initializr-web/target/surefire/surefirebooter351475891094487537.jar"/>
    <property name="sun.boot.class.path" value="/usr/local/src/jdk1.8.0_181/jre/lib/resources.jar:/usr/local/src/jdk1.8.0_181/jre/lib/rt.jar:/usr/local/src/jdk1.8.0_181/jre/lib/sunrsasign.jar:/usr/local/src/jdk1.8.0_181/jre/lib/jsse.jar:/usr/local/src/jdk1.8.0_181/jre/lib/jce.jar:/usr/local/src/jdk1.8.0_181/jre/lib/charsets.jar:/usr/local/src/jdk1.8.0_181/jre/lib/jfr.jar:/usr/local/src/jdk1.8.0_181/jre/classes"/>
    <property name="sun.management.compiler" value="HotSpot 64-Bit Tiered Compilers"/>
    <property name="java.runtime.version" value="1.8.0_181-b13"/>
    <property name="user.name" value="fangbin"/>
    <property name="path.separator" value=":"/>
    <property name="os.version" value="4.14.78-1-MANJARO"/>
    <property name="java.endorsed.dirs" value="/usr/local/src/jdk1.8.0_181/jre/lib/endorsed"/>
    <property name="java.runtime.name" value="Java(TM) SE Runtime Environment"/>
    <property name="file.encoding" value="UTF-8"/>
    <property name="java.vm.name" value="Java HotSpot(TM) 64-Bit Server VM"/>
    <property name="localRepository" value="/home/fangbin/.m2/repository"/>
    <property name="java.vendor.url.bug" value="http://bugreport.sun.com/bugreport/"/>
    <property name="java.io.tmpdir" value="/tmp"/>
    <property name="idea.version" value="2018.2.4"/>
    <property name="java.version" value="1.8.0_181"/>
    <property name="user.dir" value="/home/fangbin/Downloads/github/spring-io/initalizr/initializr-0.6.0.RELEASE/initializr-web"/>
    <property name="os.arch" value="amd64"/>
    <property name="java.vm.specification.name" value="Java Virtual Machine Specification"/>
    <property name="java.awt.printerjob" value="sun.print.PSPrinterJob"/>
    <property name="sun.os.patch.level" value="unknown"/>
    <property name="java.library.path" value="/usr/java/packages/lib/amd64:/usr/lib64:/lib64:/lib:/usr/lib"/>
    <property name="java.vm.info" value="mixed mode"/>
    <property name="java.vendor" value="Oracle Corporation"/>
    <property name="java.vm.version" value="25.181-b13"/>
    <property name="java.ext.dirs" value="/usr/local/src/jdk1.8.0_181/jre/lib/ext:/usr/java/packages/lib/ext"/>
    <property name="sun.io.unicode.encoding" value="UnicodeLittle"/>
    <property name="java.class.version" value="52.0"/>
  </properties>
  <testcase name="customRestTemplateBuilderIsUsed" classname="io.spring.initializr.web.autoconfigure.InitializrAutoConfigurationTests" time="0.391"/>
</testsuite>